0:0:0:0:0:0:0:1 - - [19/Mar/2017:23:42:20 +0800] "GET /info HTTP/1.1" 200 156
0:0:0:0:0:0:0:1 - - [19/Mar/2017:23:42:20 +0800] "GET /favicon.ico HTTP/1.1" 404 126
0:0:0:0:0:0:0:1 - - [19/Mar/2017:23:42:26 +0800] "GET / HTTP/1.1" 302 -
0:0:0:0:0:0:0:1 - - [19/Mar/2017:23:42:26 +0800] "GET /countries HTTP/1.1" 404 306
0:0:0:0:0:0:0:1 - - [19/Mar/2017:23:42:55 +0800] "GET /countries HTTP/1.1" 404 306
0:0:0:0:0:0:0:1 - - [19/Mar/2017:23:42:59 +0800] "GET /countries HTTP/1.1" 404 306
0:0:0:0:0:0:0:1 - - [19/Mar/2017:23:44:31 +0800] "GET /countries HTTP/1.1" 404 306
0:0:0:0:0:0:0:1 - - [19/Mar/2017:23:44:51 +0800] "GET /countries/showcountry HTTP/1.1" 500 579
0:0:0:0:0:0:0:1 - - [19/Mar/2017:23:47:32 +0800] "GET /swagger-ui HTTP/1.1" 404 306
0:0:0:0:0:0:0:1 - - [19/Mar/2017:23:47:49 +0800] "GET /swagger-ui HTTP/1.1" 404 306
0:0:0:0:0:0:0:1 - - [19/Mar/2017:23:51:15 +0800] "GET /swagger-ui.html HTTP/1.1" 404 306
0:0:0:0:0:0:0:1 - - [19/Mar/2017:23:52:42 +0800] "GET /swagger-ui.html HTTP/1.1" 200 3246
0:0:0:0:0:0:0:1 - - [19/Mar/2017:23:52:42 +0800] "GET /webjars/springfox-swagger-ui/css/reset.css HTTP/1.1" 200 1066
0:0:0:0:0:0:0:1 - - [19/Mar/2017:23:52:42 +0800] "GET /webjars/springfox-swagger-ui/css/screen.css HTTP/1.1" 200 49189
0:0:0:0:0:0:0:1 - - [19/Mar/2017:23:52:42 +0800] "GET /webjars/springfox-swagger-ui/lib/jquery.slideto.min.js HTTP/1.1" 200 369
0:0:0:0:0:0:0:1 - - [19/Mar/2017:23:52:42 +0800] "GET /webjars/springfox-swagger-ui/css/typography.css HTTP/1.1" 200 450
0:0:0:0:0:0:0:1 - - [19/Mar/2017:23:52:42 +0800] "GET /webjars/springfox-swagger-ui/lib/object-assign-pollyfill.js HTTP/1.1" 200 692
0:0:0:0:0:0:0:1 - - [19/Mar/2017:23:52:42 +0800] "GET /webjars/springfox-swagger-ui/lib/jquery-1.8.0.min.js HTTP/1.1" 200 92555
0:0:0:0:0:0:0:1 - - [19/Mar/2017:23:52:42 +0800] "GET /webjars/springfox-swagger-ui/lib/jquery.wiggle.min.js HTTP/1.1" 200 762
0:0:0:0:0:0:0:1 - - [19/Mar/2017:23:52:42 +0800] "GET /webjars/springfox-swagger-ui/lib/jquery.ba-bbq.min.js HTTP/1.1" 200 4119
0:0:0:0:0:0:0:1 - - [19/Mar/2017:23:52:42 +0800] "GET /webjars/springfox-swagger-ui/lib/backbone-min.js HTTP/1.1" 200 20390
0:0:0:0:0:0:0:1 - - [19/Mar/2017:23:52:42 +0800] "GET /webjars/springfox-swagger-ui/lib/lodash.min.js HTTP/1.1" 200 52646
0:0:0:0:0:0:0:1 - - [19/Mar/2017:23:52:42 +0800] "GET /webjars/springfox-swagger-ui/lib/highlight.9.1.0.pack_extended.js HTTP/1.1" 200 1025
0:0:0:0:0:0:0:1 - - [19/Mar/2017:23:52:42 +0800] "GET /webjars/springfox-swagger-ui/lib/highlight.9.1.0.pack.js HTTP/1.1" 200 11037
0:0:0:0:0:0:0:1 - - [19/Mar/2017:23:52:42 +0800] "GET /webjars/springfox-swagger-ui/lib/marked.js HTTP/1.1" 200 28156
0:0:0:0:0:0:0:1 - - [19/Mar/2017:23:52:42 +0800] "GET /webjars/springfox-swagger-ui/lib/jsoneditor.min.js HTTP/1.1" 200 130042
0:0:0:0:0:0:0:1 - - [19/Mar/2017:23:52:42 +0800] "GET /webjars/springfox-swagger-ui/lib/handlebars-4.0.5.js HTTP/1.1" 200 159587
0:0:0:0:0:0:0:1 - - [19/Mar/2017:23:52:42 +0800] "GET /webjars/springfox-swagger-ui/swagger-ui.min.js HTTP/1.1" 200 447004
0:0:0:0:0:0:0:1 - - [19/Mar/2017:23:52:42 +0800] "GET /webjars/springfox-swagger-ui/springfox.js HTTP/1.1" 200 3634
0:0:0:0:0:0:0:1 - - [19/Mar/2017:23:52:42 +0800] "GET /webjars/springfox-swagger-ui/lib/swagger-oauth.js HTTP/1.1" 200 11615
0:0:0:0:0:0:0:1 - - [19/Mar/2017:23:52:42 +0800] "GET /webjars/springfox-swagger-ui/images/logo_small.png HTTP/1.1" 200 455
0:0:0:0:0:0:0:1 - - [19/Mar/2017:23:52:42 +0800] "GET /webjars/springfox-swagger-ui/css/print.css HTTP/1.1" 200 46684
0:0:0:0:0:0:0:1 - - [19/Mar/2017:23:52:43 +0800] "GET /webjars/springfox-swagger-ui/fonts/DroidSans-Bold.ttf HTTP/1.1" 200 42480
0:0:0:0:0:0:0:1 - - [19/Mar/2017:23:52:43 +0800] "GET /webjars/springfox-swagger-ui/fonts/DroidSans.ttf HTTP/1.1" 200 41028
0:0:0:0:0:0:0:1 - - [19/Mar/2017:23:52:43 +0800] "GET /webjars/springfox-swagger-ui/images/favicon-16x16.png HTTP/1.1" 200 445
0:0:0:0:0:0:0:1 - - [19/Mar/2017:23:52:43 +0800] "GET /webjars/springfox-swagger-ui/images/favicon-32x32.png HTTP/1.1" 200 1141
0:0:0:0:0:0:0:1 - - [19/Mar/2017:23:52:43 +0800] "GET /swagger-resources/configuration/ui HTTP/1.1" 200 238
0:0:0:0:0:0:0:1 - - [19/Mar/2017:23:52:43 +0800] "GET /swagger-resources HTTP/1.1" 200 80
0:0:0:0:0:0:0:1 - - [19/Mar/2017:23:52:43 +0800] "GET /v2/api-docs HTTP/1.1" 200 25355
0:0:0:0:0:0:0:1 - - [19/Mar/2017:23:52:43 +0800] "GET /swagger-resources/configuration/security HTTP/1.1" 200 81
0:0:0:0:0:0:0:1 - - [19/Mar/2017:23:55:06 +0800] "GET /swagger-resources/configuration/ui HTTP/1.1" 200 238
0:0:0:0:0:0:0:1 - - [19/Mar/2017:23:55:06 +0800] "GET /swagger-resources HTTP/1.1" 200 80
0:0:0:0:0:0:0:1 - - [19/Mar/2017:23:55:06 +0800] "GET /v2/api-docs HTTP/1.1" 200 25355
0:0:0:0:0:0:0:1 - - [19/Mar/2017:23:55:06 +0800] "GET /swagger-resources/configuration/security HTTP/1.1" 200 81
0:0:0:0:0:0:0:1 - - [19/Mar/2017:23:56:23 +0800] "GET /webjars/springfox-swagger-ui/images/throbber.gif HTTP/1.1" 200 9257
0:0:0:0:0:0:0:1 - - [19/Mar/2017:23:56:36 +0800] "GET /swagger-ui.html HTTP/1.1" 304 -
0:0:0:0:0:0:0:1 - - [19/Mar/2017:23:56:36 +0800] "GET /swagger-resources/configuration/ui HTTP/1.1" 200 238
0:0:0:0:0:0:0:1 - - [19/Mar/2017:23:56:36 +0800] "GET /swagger-resources HTTP/1.1" 200 80
0:0:0:0:0:0:0:1 - - [19/Mar/2017:23:56:36 +0800] "GET /webjars/springfox-swagger-ui/images/favicon-16x16.png HTTP/1.1" 200 445
0:0:0:0:0:0:0:1 - - [19/Mar/2017:23:56:36 +0800] "GET /v2/api-docs HTTP/1.1" 200 25355
0:0:0:0:0:0:0:1 - - [19/Mar/2017:23:56:36 +0800] "GET /swagger-resources/configuration/security HTTP/1.1" 200 81
0:0:0:0:0:0:0:1 - - [19/Mar/2017:23:57:06 +0800] "GET /countries/showcountry HTTP/1.1" 500 461
0:0:0:0:0:0:0:1 - - [19/Mar/2017:23:58:53 +0800] "GET /swagger-resources/configuration/ui HTTP/1.1" 200 238
0:0:0:0:0:0:0:1 - - [19/Mar/2017:23:58:53 +0800] "GET /swagger-resources HTTP/1.1" 200 80
0:0:0:0:0:0:0:1 - - [19/Mar/2017:23:58:53 +0800] "GET /v2/api-docs HTTP/1.1" 200 23215
0:0:0:0:0:0:0:1 - - [19/Mar/2017:23:58:53 +0800] "GET /swagger-resources/configuration/security HTTP/1.1" 200 81
0:0:0:0:0:0:0:1 - - [19/Mar/2017:23:59:08 +0800] "GET /countries/showcountry HTTP/1.1" 500 579
0:0:0:0:0:0:0:1 - - [19/Mar/2017:23:59:12 +0800] "GET /info HTTP/1.1" 200 156
0:0:0:0:0:0:0:1 - - [19/Mar/2017:23:59:20 +0800] "GET /info HTTP/1.1" 200 156
