0:0:0:0:0:0:0:1 - - [20/Mar/2017:00:06:42 +0800] "GET /swagger-ui.html HTTP/1.1" 304 -
0:0:0:0:0:0:0:1 - - [20/Mar/2017:00:06:42 +0800] "GET /webjars/springfox-swagger-ui/images/favicon-16x16.png HTTP/1.1" 200 445
0:0:0:0:0:0:0:1 - - [20/Mar/2017:00:06:42 +0800] "GET /swagger-resources/configuration/ui HTTP/1.1" 200 238
0:0:0:0:0:0:0:1 - - [20/Mar/2017:00:06:42 +0800] "GET /swagger-resources HTTP/1.1" 200 80
0:0:0:0:0:0:0:1 - - [20/Mar/2017:00:06:42 +0800] "GET /v2/api-docs HTTP/1.1" 200 7894
0:0:0:0:0:0:0:1 - - [20/Mar/2017:00:06:43 +0800] "GET /swagger-resources/configuration/security HTTP/1.1" 200 81
0:0:0:0:0:0:0:1 - - [20/Mar/2017:00:09:44 +0800] "GET /swagger-ui.html HTTP/1.1" 304 -
0:0:0:0:0:0:0:1 - - [20/Mar/2017:00:09:44 +0800] "GET /webjars/springfox-swagger-ui/images/favicon-16x16.png HTTP/1.1" 200 445
0:0:0:0:0:0:0:1 - - [20/Mar/2017:00:09:44 +0800] "GET /swagger-resources/configuration/ui HTTP/1.1" 200 238
0:0:0:0:0:0:0:1 - - [20/Mar/2017:00:09:44 +0800] "GET /swagger-resources HTTP/1.1" 200 80
0:0:0:0:0:0:0:1 - - [20/Mar/2017:00:09:45 +0800] "GET /v2/api-docs HTTP/1.1" 200 7740
0:0:0:0:0:0:0:1 - - [20/Mar/2017:00:09:45 +0800] "GET /swagger-resources/configuration/security HTTP/1.1" 200 81
0:0:0:0:0:0:0:1 - - [20/Mar/2017:00:13:34 +0800] "GET /swagger-ui.html HTTP/1.1" 304 -
0:0:0:0:0:0:0:1 - - [20/Mar/2017:00:13:34 +0800] "GET /webjars/springfox-swagger-ui/images/favicon-16x16.png HTTP/1.1" 200 445
0:0:0:0:0:0:0:1 - - [20/Mar/2017:00:13:34 +0800] "GET /swagger-resources/configuration/ui HTTP/1.1" 200 238
0:0:0:0:0:0:0:1 - - [20/Mar/2017:00:13:34 +0800] "GET /swagger-resources HTTP/1.1" 200 80
0:0:0:0:0:0:0:1 - - [20/Mar/2017:00:13:34 +0800] "GET /v2/api-docs HTTP/1.1" 200 7740
0:0:0:0:0:0:0:1 - - [20/Mar/2017:00:13:35 +0800] "GET /swagger-resources/configuration/security HTTP/1.1" 200 81
0:0:0:0:0:0:0:1 - - [20/Mar/2017:00:13:42 +0800] "GET /info HTTP/1.1" 404 306
0:0:0:0:0:0:0:1 - - [20/Mar/2017:00:14:03 +0800] "GET /countries/showcountry HTTP/1.1" 500 579
0:0:0:0:0:0:0:1 - - [20/Mar/2017:00:16:15 +0800] "GET /swagger-resources/configuration/ui HTTP/1.1" 200 238
0:0:0:0:0:0:0:1 - - [20/Mar/2017:00:16:15 +0800] "GET /swagger-resources HTTP/1.1" 200 80
0:0:0:0:0:0:0:1 - - [20/Mar/2017:00:16:15 +0800] "GET /v2/api-docs HTTP/1.1" 200 7740
0:0:0:0:0:0:0:1 - - [20/Mar/2017:00:16:15 +0800] "GET /swagger-resources/configuration/security HTTP/1.1" 200 81
0:0:0:0:0:0:0:1 - - [20/Mar/2017:00:16:32 +0800] "GET /swagger-ui.html HTTP/1.1" 304 -
0:0:0:0:0:0:0:1 - - [20/Mar/2017:00:16:32 +0800] "GET /swagger-resources/configuration/ui HTTP/1.1" 200 238
0:0:0:0:0:0:0:1 - - [20/Mar/2017:00:16:32 +0800] "GET /swagger-resources HTTP/1.1" 200 80
0:0:0:0:0:0:0:1 - - [20/Mar/2017:00:16:32 +0800] "GET /webjars/springfox-swagger-ui/images/favicon-16x16.png HTTP/1.1" 200 445
0:0:0:0:0:0:0:1 - - [20/Mar/2017:00:16:32 +0800] "GET /v2/api-docs HTTP/1.1" 200 7740
0:0:0:0:0:0:0:1 - - [20/Mar/2017:00:16:33 +0800] "GET /swagger-resources/configuration/security HTTP/1.1" 200 81
0:0:0:0:0:0:0:1 - - [20/Mar/2017:00:16:40 +0800] "GET /countries/showcountry HTTP/1.1" 500 579
0:0:0:0:0:0:0:1 - - [20/Mar/2017:00:16:40 +0800] "GET /countries/showcountry HTTP/1.1" 500 579
0:0:0:0:0:0:0:1 - - [20/Mar/2017:00:16:41 +0800] "GET /countries/showcountry HTTP/1.1" 500 579
0:0:0:0:0:0:0:1 - - [20/Mar/2017:00:16:41 +0800] "GET /countries/showcountry HTTP/1.1" 500 579
0:0:0:0:0:0:0:1 - - [20/Mar/2017:00:16:41 +0800] "GET /countries/showcountry HTTP/1.1" 500 579
0:0:0:0:0:0:0:1 - - [20/Mar/2017:00:16:41 +0800] "GET /countries/showcountry HTTP/1.1" 500 579
0:0:0:0:0:0:0:1 - - [20/Mar/2017:00:16:55 +0800] "GET /countries/showcountry HTTP/1.1" 500 579
0:0:0:0:0:0:0:1 - - [20/Mar/2017:00:18:57 +0800] "GET /countries/showcountry HTTP/1.1" 500 372
0:0:0:0:0:0:0:1 - - [20/Mar/2017:00:19:29 +0800] "GET /countries/showcountry HTTP/1.1" 500 372
0:0:0:0:0:0:0:1 - - [20/Mar/2017:00:20:04 +0800] "GET /countries/showcountry HTTP/1.1" 500 372
0:0:0:0:0:0:0:1 - - [20/Mar/2017:00:20:49 +0800] "GET /countries/showcountry HTTP/1.1" 500 371
0:0:0:0:0:0:0:1 - - [20/Mar/2017:00:20:58 +0800] "GET /countries/showcountry HTTP/1.1" 500 371
0:0:0:0:0:0:0:1 - - [20/Mar/2017:00:21:17 +0800] "GET /countries/showcountry HTTP/1.1" 500 371
0:0:0:0:0:0:0:1 - - [20/Mar/2017:00:21:35 +0800] "GET /countries/showcountry HTTP/1.1" 200 22582
0:0:0:0:0:0:0:1 - - [20/Mar/2017:00:21:35 +0800] "GET /css/style.css HTTP/1.1" 200 979
0:0:0:0:0:0:0:1 - - [20/Mar/2017:00:33:22 +0800] "GET /countries/showcountry HTTP/1.1" 200 22832
0:0:0:0:0:0:0:1 - - [20/Mar/2017:00:33:22 +0800] "GET /css/style.css HTTP/1.1" 304 -
0:0:0:0:0:0:0:1 - - [20/Mar/2017:00:35:15 +0800] "GET /js/jquery-1.11.1.min.js HTTP/1.1" 200 146867
0:0:0:0:0:0:0:1 - - [20/Mar/2017:00:35:29 +0800] "GET /swagger-ui.html HTTP/1.1" 304 -
0:0:0:0:0:0:0:1 - - [20/Mar/2017:00:35:29 +0800] "GET /webjars/springfox-swagger-ui/lib/jquery.slideto.min.js HTTP/1.1" 304 -
0:0:0:0:0:0:0:1 - - [20/Mar/2017:00:35:29 +0800] "GET /webjars/springfox-swagger-ui/css/typography.css HTTP/1.1" 304 -
0:0:0:0:0:0:0:1 - - [20/Mar/2017:00:35:29 +0800] "GET /webjars/springfox-swagger-ui/css/reset.css HTTP/1.1" 304 -
0:0:0:0:0:0:0:1 - - [20/Mar/2017:00:35:29 +0800] "GET /webjars/springfox-swagger-ui/lib/object-assign-pollyfill.js HTTP/1.1" 304 -
0:0:0:0:0:0:0:1 - - [20/Mar/2017:00:35:29 +0800] "GET /webjars/springfox-swagger-ui/css/screen.css HTTP/1.1" 304 -
0:0:0:0:0:0:0:1 - - [20/Mar/2017:00:35:29 +0800] "GET /webjars/springfox-swagger-ui/lib/jquery-1.8.0.min.js HTTP/1.1" 304 -
0:0:0:0:0:0:0:1 - - [20/Mar/2017:00:35:29 +0800] "GET /webjars/springfox-swagger-ui/lib/jquery.wiggle.min.js HTTP/1.1" 304 -
0:0:0:0:0:0:0:1 - - [20/Mar/2017:00:35:29 +0800] "GET /webjars/springfox-swagger-ui/lib/lodash.min.js HTTP/1.1" 304 -
0:0:0:0:0:0:0:1 - - [20/Mar/2017:00:35:29 +0800] "GET /webjars/springfox-swagger-ui/lib/backbone-min.js HTTP/1.1" 304 -
0:0:0:0:0:0:0:1 - - [20/Mar/2017:00:35:29 +0800] "GET /webjars/springfox-swagger-ui/lib/jquery.ba-bbq.min.js HTTP/1.1" 304 -
0:0:0:0:0:0:0:1 - - [20/Mar/2017:00:35:29 +0800] "GET /webjars/springfox-swagger-ui/swagger-ui.min.js HTTP/1.1" 304 -
0:0:0:0:0:0:0:1 - - [20/Mar/2017:00:35:29 +0800] "GET /webjars/springfox-swagger-ui/lib/jsoneditor.min.js HTTP/1.1" 304 -
0:0:0:0:0:0:0:1 - - [20/Mar/2017:00:35:29 +0800] "GET /webjars/springfox-swagger-ui/lib/marked.js HTTP/1.1" 304 -
0:0:0:0:0:0:0:1 - - [20/Mar/2017:00:35:29 +0800] "GET /webjars/springfox-swagger-ui/lib/handlebars-4.0.5.js HTTP/1.1" 304 -
0:0:0:0:0:0:0:1 - - [20/Mar/2017:00:35:29 +0800] "GET /webjars/springfox-swagger-ui/lib/swagger-oauth.js HTTP/1.1" 304 -
0:0:0:0:0:0:0:1 - - [20/Mar/2017:00:35:29 +0800] "GET /webjars/springfox-swagger-ui/lib/highlight.9.1.0.pack_extended.js HTTP/1.1" 304 -
0:0:0:0:0:0:0:1 - - [20/Mar/2017:00:35:29 +0800] "GET /webjars/springfox-swagger-ui/springfox.js HTTP/1.1" 304 -
0:0:0:0:0:0:0:1 - - [20/Mar/2017:00:35:29 +0800] "GET /webjars/springfox-swagger-ui/lib/highlight.9.1.0.pack.js HTTP/1.1" 304 -
0:0:0:0:0:0:0:1 - - [20/Mar/2017:00:35:29 +0800] "GET /webjars/springfox-swagger-ui/images/logo_small.png HTTP/1.1" 304 -
0:0:0:0:0:0:0:1 - - [20/Mar/2017:00:35:29 +0800] "GET /webjars/springfox-swagger-ui/css/print.css HTTP/1.1" 304 -
0:0:0:0:0:0:0:1 - - [20/Mar/2017:00:35:30 +0800] "GET /webjars/springfox-swagger-ui/fonts/DroidSans-Bold.ttf HTTP/1.1" 304 -
0:0:0:0:0:0:0:1 - - [20/Mar/2017:00:35:30 +0800] "GET /webjars/springfox-swagger-ui/fonts/DroidSans.ttf HTTP/1.1" 304 -
0:0:0:0:0:0:0:1 - - [20/Mar/2017:00:35:30 +0800] "GET /webjars/springfox-swagger-ui/images/favicon-16x16.png HTTP/1.1" 200 445
0:0:0:0:0:0:0:1 - - [20/Mar/2017:00:35:30 +0800] "GET /webjars/springfox-swagger-ui/images/favicon-32x32.png HTTP/1.1" 304 -
0:0:0:0:0:0:0:1 - - [20/Mar/2017:00:35:30 +0800] "GET /swagger-resources/configuration/ui HTTP/1.1" 200 238
0:0:0:0:0:0:0:1 - - [20/Mar/2017:00:35:30 +0800] "GET /swagger-resources HTTP/1.1" 200 80
0:0:0:0:0:0:0:1 - - [20/Mar/2017:00:35:30 +0800] "GET /v2/api-docs HTTP/1.1" 200 2379
0:0:0:0:0:0:0:1 - - [20/Mar/2017:00:35:30 +0800] "GET /swagger-resources/configuration/security HTTP/1.1" 200 81
0:0:0:0:0:0:0:1 - - [20/Mar/2017:00:35:30 +0800] "GET /webjars/springfox-swagger-ui/images/throbber.gif HTTP/1.1" 304 -
0:0:0:0:0:0:0:1 - - [20/Mar/2017:00:35:37 +0800] "GET /countries/showcountry HTTP/1.1" 200 22832
0:0:0:0:0:0:0:1 - - [20/Mar/2017:00:36:03 +0800] "GET /countries/country/%7Bid%7D HTTP/1.1" 400 340
0:0:0:0:0:0:0:1 - - [20/Mar/2017:00:38:02 +0800] "GET /countries/country/%7Bid%7D HTTP/1.1" 400 340
0:0:0:0:0:0:0:1 - - [20/Mar/2017:00:39:17 +0800] "GET /countries/country/2 HTTP/1.1" 200 66
0:0:0:0:0:0:0:1 - - [20/Mar/2017:00:42:50 +0800] "GET /countries/showcountry HTTP/1.1" 200 36580
0:0:0:0:0:0:0:1 - - [20/Mar/2017:00:42:50 +0800] "GET /css/style.css HTTP/1.1" 304 -
0:0:0:0:0:0:0:1 - - [20/Mar/2017:00:43:07 +0800] "GET /countries/showcountry HTTP/1.1" 200 39589
0:0:0:0:0:0:0:1 - - [20/Mar/2017:00:44:10 +0800] "GET /countries/showcountry HTTP/1.1" 200 39965
0:0:0:0:0:0:0:1 - - [20/Mar/2017:00:45:07 +0800] "GET /countries/showcountry HTTP/1.1" 200 41476
0:0:0:0:0:0:0:1 - - [20/Mar/2017:00:54:01 +0800] "GET /countries/showcountry HTTP/1.1" 500 373
0:0:0:0:0:0:0:1 - - [20/Mar/2017:00:54:39 +0800] "GET /countries/showcountry HTTP/1.1" 200 39590
0:0:0:0:0:0:0:1 - - [20/Mar/2017:00:54:39 +0800] "GET /css/style.css HTTP/1.1" 304 -
0:0:0:0:0:0:0:1 - - [20/Mar/2017:00:54:39 +0800] "GET /js/jquery-1.11.1.min.js HTTP/1.1" 304 -
0:0:0:0:0:0:0:1 - - [20/Mar/2017:00:55:04 +0800] "GET /countries/country/2 HTTP/1.1" 200 66
0:0:0:0:0:0:0:1 - - [20/Mar/2017:00:58:56 +0800] "GET /countries/showcountry HTTP/1.1" 200 39617
0:0:0:0:0:0:0:1 - - [20/Mar/2017:01:03:11 +0800] "GET /countries/showcountry HTTP/1.1" 200 40369
0:0:0:0:0:0:0:1 - - [20/Mar/2017:01:03:14 +0800] "GET /countries/countries/country/2 HTTP/1.1" 404 144
0:0:0:0:0:0:0:1 - - [20/Mar/2017:01:03:52 +0800] "GET /countries/showcountry HTTP/1.1" 500 404
0:0:0:0:0:0:0:1 - - [20/Mar/2017:01:04:33 +0800] "GET /countries/showcountry HTTP/1.1" 200 39885
0:0:0:0:0:0:0:1 - - [20/Mar/2017:01:04:33 +0800] "GET /css/style.css HTTP/1.1" 304 -
0:0:0:0:0:0:0:1 - - [20/Mar/2017:01:04:33 +0800] "GET /js/jquery-1.11.1.min.js HTTP/1.1" 304 -
0:0:0:0:0:0:0:1 - - [20/Mar/2017:01:04:53 +0800] "GET /countries/showcountry HTTP/1.1" 200 39885
0:0:0:0:0:0:0:1 - - [20/Mar/2017:01:04:56 +0800] "GET /countries/countries/country/2 HTTP/1.1" 404 144
0:0:0:0:0:0:0:1 - - [20/Mar/2017:01:05:05 +0800] "GET /countries/showcountry HTTP/1.1" 200 37817
0:0:0:0:0:0:0:1 - - [20/Mar/2017:01:05:08 +0800] "GET /countries/countries/country/2 HTTP/1.1" 404 144
0:0:0:0:0:0:0:1 - - [20/Mar/2017:01:05:50 +0800] "GET /countries/showcountry HTTP/1.1" 200 37820
0:0:0:0:0:0:0:1 - - [20/Mar/2017:01:05:56 +0800] "GET /countries/countries/country/11 HTTP/1.1" 404 145
0:0:0:0:0:0:0:1 - - [20/Mar/2017:01:07:03 +0800] "GET /countries/showcountry HTTP/1.1" 200 37821
0:0:0:0:0:0:0:1 - - [20/Mar/2017:01:07:05 +0800] "GET /countries/country/5 HTTP/1.1" 200 62
0:0:0:0:0:0:0:1 - - [20/Mar/2017:01:07:28 +0800] "GET /countries/country/11 HTTP/1.1" 200 63
0:0:0:0:0:0:0:1 - - [20/Mar/2017:01:08:20 +0800] "GET /countries/showcountry HTTP/1.1" 200 37805
0:0:0:0:0:0:0:1 - - [20/Mar/2017:01:08:23 +0800] "GET /countries/country/12 HTTP/1.1" 200 66
0:0:0:0:0:0:0:1 - - [20/Mar/2017:01:09:05 +0800] "GET /info HTTP/1.1" 404 306
0:0:0:0:0:0:0:1 - - [20/Mar/2017:01:09:06 +0800] "GET /info HTTP/1.1" 404 306
0:0:0:0:0:0:0:1 - - [20/Mar/2017:01:09:06 +0800] "GET /info HTTP/1.1" 404 306
0:0:0:0:0:0:0:1 - - [20/Mar/2017:01:09:06 +0800] "GET /info HTTP/1.1" 404 306
0:0:0:0:0:0:0:1 - - [20/Mar/2017:01:09:15 +0800] "GET /countries/showcountry HTTP/1.1" 200 37805
0:0:0:0:0:0:0:1 - - [20/Mar/2017:01:09:26 +0800] "GET /countries/showcountry HTTP/1.1" 500 387
0:0:0:0:0:0:0:1 - - [20/Mar/2017:01:09:34 +0800] "GET /countries/showcountry HTTP/1.1" 200 37806
0:0:0:0:0:0:0:1 - - [20/Mar/2017:01:09:37 +0800] "GET /countries/country/151 HTTP/1.1" 200 66
0:0:0:0:0:0:0:1 - - [20/Mar/2017:01:09:41 +0800] "GET /countries/showcountry HTTP/1.1" 200 37806
0:0:0:0:0:0:0:1 - - [20/Mar/2017:01:09:41 +0800] "GET /css/style.css HTTP/1.1" 200 979
0:0:0:0:0:0:0:1 - - [20/Mar/2017:01:09:41 +0800] "GET /js/jquery-1.11.1.min.js HTTP/1.1" 200 146867
0:0:0:0:0:0:0:1 - - [20/Mar/2017:01:09:43 +0800] "GET /countries/showcountry HTTP/1.1" 200 37806
0:0:0:0:0:0:0:1 - - [20/Mar/2017:01:09:44 +0800] "GET /countries/country/156 HTTP/1.1" 200 66
0:0:0:0:0:0:0:1 - - [20/Mar/2017:01:09:57 +0800] "GET /countries/showcountry HTTP/1.1" 200 37796
0:0:0:0:0:0:0:1 - - [20/Mar/2017:01:10:11 +0800] "GET /swagger-ui.html HTTP/1.1" 304 -
0:0:0:0:0:0:0:1 - - [20/Mar/2017:01:10:11 +0800] "GET /swagger-resources/configuration/ui HTTP/1.1" 200 238
0:0:0:0:0:0:0:1 - - [20/Mar/2017:01:10:11 +0800] "GET /webjars/springfox-swagger-ui/images/favicon-16x16.png HTTP/1.1" 200 445
0:0:0:0:0:0:0:1 - - [20/Mar/2017:01:10:11 +0800] "GET /swagger-resources HTTP/1.1" 200 80
0:0:0:0:0:0:0:1 - - [20/Mar/2017:01:10:11 +0800] "GET /v2/api-docs HTTP/1.1" 200 2379
0:0:0:0:0:0:0:1 - - [20/Mar/2017:01:10:12 +0800] "GET /swagger-resources/configuration/security HTTP/1.1" 200 81
0:0:0:0:0:0:0:1 - - [20/Mar/2017:01:10:22 +0800] "GET /countries/country/%7Bid%7D HTTP/1.1" 400 340
0:0:0:0:0:0:0:1 - - [20/Mar/2017:01:10:22 +0800] "GET /countries/country/%7Bid%7D HTTP/1.1" 400 340
0:0:0:0:0:0:0:1 - - [20/Mar/2017:01:14:14 +0800] "GET /countries/showcountry HTTP/1.1" 200 59315
0:0:0:0:0:0:0:1 - - [20/Mar/2017:01:14:46 +0800] "GET /countries/showcountry HTTP/1.1" 200 54806
0:0:0:0:0:0:0:1 - - [20/Mar/2017:01:25:01 +0800] "GET /countries/showcountry HTTP/1.1" 200 54875
0:0:0:0:0:0:0:1 - - [20/Mar/2017:01:25:01 +0800] "GET /css/style.css HTTP/1.1" 200 979
0:0:0:0:0:0:0:1 - - [20/Mar/2017:01:25:01 +0800] "GET /js/jquery-1.11.1.min.js HTTP/1.1" 200 146867
0:0:0:0:0:0:0:1 - - [20/Mar/2017:01:25:07 +0800] "GET /countries/country/150 HTTP/1.1" 200 62
0:0:0:0:0:0:0:1 - - [20/Mar/2017:01:25:57 +0800] "GET /countries/showcountry HTTP/1.1" 200 54875
0:0:0:0:0:0:0:1 - - [20/Mar/2017:01:25:57 +0800] "GET /css/style.css HTTP/1.1" 200 979
0:0:0:0:0:0:0:1 - - [20/Mar/2017:01:25:57 +0800] "GET /js/jquery-1.11.1.min.js HTTP/1.1" 200 146867
0:0:0:0:0:0:0:1 - - [20/Mar/2017:01:25:58 +0800] "GET /countries/country/150 HTTP/1.1" 200 62
0:0:0:0:0:0:0:1 - - [20/Mar/2017:01:35:13 +0800] "GET /countries/showcountry HTTP/1.1" 500 453
0:0:0:0:0:0:0:1 - - [20/Mar/2017:01:36:15 +0800] "GET /countries/showcountry HTTP/1.1" 200 54875
0:0:0:0:0:0:0:1 - - [20/Mar/2017:01:36:15 +0800] "GET /css/style.css HTTP/1.1" 200 979
0:0:0:0:0:0:0:1 - - [20/Mar/2017:01:36:15 +0800] "GET /js/jquery-1.11.1.min.js HTTP/1.1" 200 146867
0:0:0:0:0:0:0:1 - - [20/Mar/2017:01:36:16 +0800] "GET /countries/country/150 HTTP/1.1" 200 62
0:0:0:0:0:0:0:1 - - [20/Mar/2017:01:39:06 +0800] "GET /countries/showcountry HTTP/1.1" 500 453
0:0:0:0:0:0:0:1 - - [20/Mar/2017:01:40:48 +0800] "GET /countries/showcountry HTTP/1.1" 500 453
0:0:0:0:0:0:0:1 - - [20/Mar/2017:01:41:51 +0800] "GET /countries/showcountry HTTP/1.1" 500 453
0:0:0:0:0:0:0:1 - - [20/Mar/2017:01:47:47 +0800] "GET /countries/showcountry HTTP/1.1" 500 318
0:0:0:0:0:0:0:1 - - [20/Mar/2017:01:48:51 +0800] "GET /countries/showcountry HTTP/1.1" 500 318
0:0:0:0:0:0:0:1 - - [20/Mar/2017:01:49:37 +0800] "GET /countries/showcountry HTTP/1.1" 200 54875
0:0:0:0:0:0:0:1 - - [20/Mar/2017:01:49:37 +0800] "GET /css/style.css HTTP/1.1" 200 979
0:0:0:0:0:0:0:1 - - [20/Mar/2017:01:49:37 +0800] "GET /js/jquery-1.11.1.min.js HTTP/1.1" 200 146867
0:0:0:0:0:0:0:1 - - [20/Mar/2017:01:49:40 +0800] "GET /countries/country/154 HTTP/1.1" 200 62
0:0:0:0:0:0:0:1 - - [20/Mar/2017:01:51:24 +0800] "GET /swagger-ui.html HTTP/1.1" 304 -
0:0:0:0:0:0:0:1 - - [20/Mar/2017:01:51:24 +0800] "GET /webjars/springfox-swagger-ui/css/reset.css HTTP/1.1" 304 -
0:0:0:0:0:0:0:1 - - [20/Mar/2017:01:51:24 +0800] "GET /webjars/springfox-swagger-ui/lib/jquery-1.8.0.min.js HTTP/1.1" 304 -
0:0:0:0:0:0:0:1 - - [20/Mar/2017:01:51:24 +0800] "GET /webjars/springfox-swagger-ui/css/screen.css HTTP/1.1" 304 -
0:0:0:0:0:0:0:1 - - [20/Mar/2017:01:51:24 +0800] "GET /webjars/springfox-swagger-ui/lib/jquery.slideto.min.js HTTP/1.1" 304 -
0:0:0:0:0:0:0:1 - - [20/Mar/2017:01:51:24 +0800] "GET /webjars/springfox-swagger-ui/css/typography.css HTTP/1.1" 304 -
0:0:0:0:0:0:0:1 - - [20/Mar/2017:01:51:24 +0800] "GET /webjars/springfox-swagger-ui/lib/object-assign-pollyfill.js HTTP/1.1" 304 -
0:0:0:0:0:0:0:1 - - [20/Mar/2017:01:51:24 +0800] "GET /webjars/springfox-swagger-ui/lib/backbone-min.js HTTP/1.1" 304 -
0:0:0:0:0:0:0:1 - - [20/Mar/2017:01:51:24 +0800] "GET /webjars/springfox-swagger-ui/lib/lodash.min.js HTTP/1.1" 304 -
0:0:0:0:0:0:0:1 - - [20/Mar/2017:01:51:24 +0800] "GET /webjars/springfox-swagger-ui/lib/jquery.ba-bbq.min.js HTTP/1.1" 304 -
0:0:0:0:0:0:0:1 - - [20/Mar/2017:01:51:24 +0800] "GET /webjars/springfox-swagger-ui/lib/handlebars-4.0.5.js HTTP/1.1" 304 -
0:0:0:0:0:0:0:1 - - [20/Mar/2017:01:51:24 +0800] "GET /webjars/springfox-swagger-ui/lib/jquery.wiggle.min.js HTTP/1.1" 304 -
0:0:0:0:0:0:0:1 - - [20/Mar/2017:01:51:24 +0800] "GET /webjars/springfox-swagger-ui/swagger-ui.min.js HTTP/1.1" 304 -
0:0:0:0:0:0:0:1 - - [20/Mar/2017:01:51:24 +0800] "GET /webjars/springfox-swagger-ui/lib/jsoneditor.min.js HTTP/1.1" 304 -
0:0:0:0:0:0:0:1 - - [20/Mar/2017:01:51:24 +0800] "GET /webjars/springfox-swagger-ui/lib/marked.js HTTP/1.1" 304 -
0:0:0:0:0:0:0:1 - - [20/Mar/2017:01:51:24 +0800] "GET /webjars/springfox-swagger-ui/lib/highlight.9.1.0.pack_extended.js HTTP/1.1" 304 -
0:0:0:0:0:0:0:1 - - [20/Mar/2017:01:51:24 +0800] "GET /webjars/springfox-swagger-ui/lib/swagger-oauth.js HTTP/1.1" 304 -
0:0:0:0:0:0:0:1 - - [20/Mar/2017:01:51:24 +0800] "GET /webjars/springfox-swagger-ui/lib/highlight.9.1.0.pack.js HTTP/1.1" 304 -
0:0:0:0:0:0:0:1 - - [20/Mar/2017:01:51:24 +0800] "GET /webjars/springfox-swagger-ui/springfox.js HTTP/1.1" 304 -
0:0:0:0:0:0:0:1 - - [20/Mar/2017:01:51:24 +0800] "GET /webjars/springfox-swagger-ui/images/logo_small.png HTTP/1.1" 304 -
0:0:0:0:0:0:0:1 - - [20/Mar/2017:01:51:24 +0800] "GET /webjars/springfox-swagger-ui/css/print.css HTTP/1.1" 304 -
0:0:0:0:0:0:0:1 - - [20/Mar/2017:01:51:24 +0800] "GET /webjars/springfox-swagger-ui/fonts/DroidSans.ttf HTTP/1.1" 304 -
0:0:0:0:0:0:0:1 - - [20/Mar/2017:01:51:24 +0800] "GET /webjars/springfox-swagger-ui/fonts/DroidSans-Bold.ttf HTTP/1.1" 304 -
0:0:0:0:0:0:0:1 - - [20/Mar/2017:01:51:24 +0800] "GET /swagger-resources/configuration/ui HTTP/1.1" 200 238
0:0:0:0:0:0:0:1 - - [20/Mar/2017:01:51:24 +0800] "GET /webjars/springfox-swagger-ui/images/favicon-16x16.png HTTP/1.1" 200 445
0:0:0:0:0:0:0:1 - - [20/Mar/2017:01:51:24 +0800] "GET /swagger-resources HTTP/1.1" 200 80
0:0:0:0:0:0:0:1 - - [20/Mar/2017:01:51:24 +0800] "GET /webjars/springfox-swagger-ui/images/favicon-32x32.png HTTP/1.1" 304 -
0:0:0:0:0:0:0:1 - - [20/Mar/2017:01:51:24 +0800] "GET /v2/api-docs HTTP/1.1" 200 2379
0:0:0:0:0:0:0:1 - - [20/Mar/2017:01:51:24 +0800] "GET /swagger-resources/configuration/security HTTP/1.1" 200 81
0:0:0:0:0:0:0:1 - - [20/Mar/2017:01:51:24 +0800] "GET /webjars/springfox-swagger-ui/images/throbber.gif HTTP/1.1" 304 -
0:0:0:0:0:0:0:1 - - [20/Mar/2017:01:51:30 +0800] "GET /webjars/springfox-swagger-ui/images/favicon-16x16.png HTTP/1.1" 200 445
0:0:0:0:0:0:0:1 - - [20/Mar/2017:01:52:36 +0800] "POST /countries/save?id=1111111&countryname=12222222222222&countrycode=3333333333333333333 HTTP/1.1" 500 314
0:0:0:0:0:0:0:1 - - [20/Mar/2017:01:53:08 +0800] "GET /countries/showcountry HTTP/1.1" 200 54875
0:0:0:0:0:0:0:1 - - [20/Mar/2017:01:53:08 +0800] "GET /css/style.css HTTP/1.1" 200 979
0:0:0:0:0:0:0:1 - - [20/Mar/2017:01:53:08 +0800] "GET /js/jquery-1.11.1.min.js HTTP/1.1" 200 146867
